2019-10-01T13:25:44+00:00 CRITICAL Uncaught Error: Call to undefined function elegant_description() in /var/www/wp-content/themes/Divi/header.php:6
Stack trace:
#0 /var/www/wp-includes/template.php(722): require_once()
#1 /var/www/wp-includes/template.php(671): load_template('/var/www/wp-con...', true)
#2 /var/www/wp-includes/general-template.php(41): locate_template(Array, true)
#3 /var/www/wp-content/themes/Divi/page.php(3): get_header()
#4 /var/www/wp-includes/template-loader.php(78): include('/var/www/wp-con...')
#5 /var/www/wp-blog-header.php(19): require_once('/var/www/wp-inc...')
#6 /var/www/index.php(17): require('/var/www/wp-blo...')
#7 {main}
  thrown in /var/www/wp-content/themes/Divi/header.php on line 6

2019-10-01T13:25:45+00:00 CRITICAL Uncaught Error: Call to undefined function elegant_description() in /var/www/wp-content/themes/Divi/header.php:6
Stack trace:
#0 /var/www/wp-includes/template.php(722): require_once()
#1 /var/www/wp-includes/template.php(671): load_template('/var/www/wp-con...', true)
#2 /var/www/wp-includes/general-template.php(41): locate_template(Array, true)
#3 /var/www/wp-content/themes/Divi/page.php(3): get_header()
#4 /var/www/wp-includes/template-loader.php(78): include('/var/www/wp-con...')
#5 /var/www/wp-blog-header.php(19): require_once('/var/www/wp-inc...')
#6 /var/www/index.php(17): require('/var/www/wp-blo...')
#7 {main}
  thrown in /var/www/wp-content/themes/Divi/header.php on line 6

2019-10-01T13:25:56+00:00 CRITICAL syntax error, unexpected '}', expecting end of file in /var/www/wp-content/themes/Divi/functions.php on line 7634

2019-10-01T13:26:00+00:00 CRITICAL syntax error, unexpected '}', expecting end of file in /var/www/wp-content/themes/Divi/functions.php on line 7634

2019-10-01T13:26:06+00:00 CRITICAL Uncaught Error: Call to undefined function elegant_description() in /var/www/wp-content/themes/Divi/header.php:6
Stack trace:
#0 /var/www/wp-includes/template.php(722): require_once()
#1 /var/www/wp-includes/template.php(671): load_template('/var/www/wp-con...', true)
#2 /var/www/wp-includes/general-template.php(41): locate_template(Array, true)
#3 /var/www/wp-content/themes/Divi/page.php(3): get_header()
#4 /var/www/wp-includes/template-loader.php(78): include('/var/www/wp-con...')
#5 /var/www/wp-blog-header.php(19): require_once('/var/www/wp-inc...')
#6 /var/www/index.php(17): require('/var/www/wp-blo...')
#7 {main}
  thrown in /var/www/wp-content/themes/Divi/header.php on line 6

2019-10-01T13:26:07+00:00 CRITICAL Uncaught Error: Call to undefined function elegant_description() in /var/www/wp-content/themes/Divi/header.php:6
Stack trace:
#0 /var/www/wp-includes/template.php(722): require_once()
#1 /var/www/wp-includes/template.php(671): load_template('/var/www/wp-con...', true)
#2 /var/www/wp-includes/general-template.php(41): locate_template(Array, true)
#3 /var/www/wp-content/themes/Divi/page.php(3): get_header()
#4 /var/www/wp-includes/template-loader.php(78): include('/var/www/wp-con...')
#5 /var/www/wp-blog-header.php(19): require_once('/var/www/wp-inc...')
#6 /var/www/index.php(17): require('/var/www/wp-blo...')
#7 {main}
  thrown in /var/www/wp-content/themes/Divi/header.php on line 6

2019-10-01T13:26:07+00:00 CRITICAL Uncaught Error: Call to undefined function elegant_description() in /var/www/wp-content/themes/Divi/header.php:6
Stack trace:
#0 /var/www/wp-includes/template.php(722): require_once()
#1 /var/www/wp-includes/template.php(671): load_template('/var/www/wp-con...', true)
#2 /var/www/wp-includes/general-template.php(41): locate_template(Array, true)
#3 /var/www/wp-content/themes/Divi/page.php(3): get_header()
#4 /var/www/wp-includes/template-loader.php(78): include('/var/www/wp-con...')
#5 /var/www/wp-blog-header.php(19): require_once('/var/www/wp-inc...')
#6 /var/www/index.php(17): require('/var/www/wp-blo...')
#7 {main}
  thrown in /var/www/wp-content/themes/Divi/header.php on line 6

2019-10-01T13:26:08+00:00 CRITICAL Uncaught Error: Call to undefined function elegant_description() in /var/www/wp-content/themes/Divi/header.php:6
Stack trace:
#0 /var/www/wp-includes/template.php(722): require_once()
#1 /var/www/wp-includes/template.php(671): load_template('/var/www/wp-con...', true)
#2 /var/www/wp-includes/general-template.php(41): locate_template(Array, true)
#3 /var/www/wp-content/themes/Divi/page.php(3): get_header()
#4 /var/www/wp-includes/template-loader.php(78): include('/var/www/wp-con...')
#5 /var/www/wp-blog-header.php(19): require_once('/var/www/wp-inc...')
#6 /var/www/index.php(17): require('/var/www/wp-blo...')
#7 {main}
  thrown in /var/www/wp-content/themes/Divi/header.php on line 6

2019-10-01T13:26:08+00:00 CRITICAL Uncaught Error: Call to undefined function elegant_description() in /var/www/wp-content/themes/Divi/header.php:6
Stack trace:
#0 /var/www/wp-includes/template.php(722): require_once()
#1 /var/www/wp-includes/template.php(671): load_template('/var/www/wp-con...', true)
#2 /var/www/wp-includes/general-template.php(41): locate_template(Array, true)
#3 /var/www/wp-content/themes/Divi/page.php(3): get_header()
#4 /var/www/wp-includes/template-loader.php(78): include('/var/www/wp-con...')
#5 /var/www/wp-blog-header.php(19): require_once('/var/www/wp-inc...')
#6 /var/www/index.php(17): require('/var/www/wp-blo...')
#7 {main}
  thrown in /var/www/wp-content/themes/Divi/header.php on line 6

2019-10-01T13:26:09+00:00 CRITICAL Uncaught Error: Call to undefined function elegant_description() in /var/www/wp-content/themes/Divi/header.php:6
Stack trace:
#0 /var/www/wp-includes/template.php(722): require_once()
#1 /var/www/wp-includes/template.php(671): load_template('/var/www/wp-con...', true)
#2 /var/www/wp-includes/general-template.php(41): locate_template(Array, true)
#3 /var/www/wp-content/themes/Divi/page.php(3): get_header()
#4 /var/www/wp-includes/template-loader.php(78): include('/var/www/wp-con...')
#5 /var/www/wp-blog-header.php(19): require_once('/var/www/wp-inc...')
#6 /var/www/index.php(17): require('/var/www/wp-blo...')
#7 {main}
  thrown in /var/www/wp-content/themes/Divi/header.php on line 6

2019-10-01T13:26:09+00:00 CRITICAL Uncaught Error: Call to undefined function elegant_description() in /var/www/wp-content/themes/Divi/header.php:6
Stack trace:
#0 /var/www/wp-includes/template.php(722): require_once()
#1 /var/www/wp-includes/template.php(671): load_template('/var/www/wp-con...', true)
#2 /var/www/wp-includes/general-template.php(41): locate_template(Array, true)
#3 /var/www/wp-content/themes/Divi/page.php(3): get_header()
#4 /var/www/wp-includes/template-loader.php(78): include('/var/www/wp-con...')
#5 /var/www/wp-blog-header.php(19): require_once('/var/www/wp-inc...')
#6 /var/www/index.php(17): require('/var/www/wp-blo...')
#7 {main}
  thrown in /var/www/wp-content/themes/Divi/header.php on line 6

2019-10-01T13:26:09+00:00 CRITICAL Uncaught Error: Call to undefined function elegant_description() in /var/www/wp-content/themes/Divi/header.php:6
Stack trace:
#0 /var/www/wp-includes/template.php(722): require_once()
#1 /var/www/wp-includes/template.php(671): load_template('/var/www/wp-con...', true)
#2 /var/www/wp-includes/general-template.php(41): locate_template(Array, true)
#3 /var/www/wp-content/themes/Divi/page.php(3): get_header()
#4 /var/www/wp-includes/template-loader.php(78): include('/var/www/wp-con...')
#5 /var/www/wp-blog-header.php(19): require_once('/var/www/wp-inc...')
#6 /var/www/index.php(17): require('/var/www/wp-blo...')
#7 {main}
  thrown in /var/www/wp-content/themes/Divi/header.php on line 6

2019-10-01T13:26:09+00:00 CRITICAL Uncaught Error: Call to undefined function elegant_description() in /var/www/wp-content/themes/Divi/header.php:6
Stack trace:
#0 /var/www/wp-includes/template.php(722): require_once()
#1 /var/www/wp-includes/template.php(671): load_template('/var/www/wp-con...', true)
#2 /var/www/wp-includes/general-template.php(41): locate_template(Array, true)
#3 /var/www/wp-content/themes/Divi/page.php(3): get_header()
#4 /var/www/wp-includes/template-loader.php(78): include('/var/www/wp-con...')
#5 /var/www/wp-blog-header.php(19): require_once('/var/www/wp-inc...')
#6 /var/www/index.php(17): require('/var/www/wp-blo...')
#7 {main}
  thrown in /var/www/wp-content/themes/Divi/header.php on line 6

2019-10-01T13:26:10+00:00 CRITICAL Uncaught Error: Call to undefined function elegant_description() in /var/www/wp-content/themes/Divi/header.php:6
Stack trace:
#0 /var/www/wp-includes/template.php(722): require_once()
#1 /var/www/wp-includes/template.php(671): load_template('/var/www/wp-con...', true)
#2 /var/www/wp-includes/general-template.php(41): locate_template(Array, true)
#3 /var/www/wp-content/themes/Divi/page.php(3): get_header()
#4 /var/www/wp-includes/template-loader.php(78): include('/var/www/wp-con...')
#5 /var/www/wp-blog-header.php(19): require_once('/var/www/wp-inc...')
#6 /var/www/index.php(17): require('/var/www/wp-blo...')
#7 {main}
  thrown in /var/www/wp-content/themes/Divi/header.php on line 6

2019-10-01T13:26:10+00:00 CRITICAL Uncaught Error: Call to undefined function elegant_description() in /var/www/wp-content/themes/Divi/header.php:6
Stack trace:
#0 /var/www/wp-includes/template.php(722): require_once()
#1 /var/www/wp-includes/template.php(671): load_template('/var/www/wp-con...', true)
#2 /var/www/wp-includes/general-template.php(41): locate_template(Array, true)
#3 /var/www/wp-content/themes/Divi/page.php(3): get_header()
#4 /var/www/wp-includes/template-loader.php(78): include('/var/www/wp-con...')
#5 /var/www/wp-blog-header.php(19): require_once('/var/www/wp-inc...')
#6 /var/www/index.php(17): require('/var/www/wp-blo...')
#7 {main}
  thrown in /var/www/wp-content/themes/Divi/header.php on line 6

2019-10-01T13:26:10+00:00 CRITICAL Uncaught Error: Call to undefined function elegant_description() in /var/www/wp-content/themes/Divi/header.php:6
Stack trace:
#0 /var/www/wp-includes/template.php(722): require_once()
#1 /var/www/wp-includes/template.php(671): load_template('/var/www/wp-con...', true)
#2 /var/www/wp-includes/general-template.php(41): locate_template(Array, true)
#3 /var/www/wp-content/themes/Divi/page.php(3): get_header()
#4 /var/www/wp-includes/template-loader.php(78): include('/var/www/wp-con...')
#5 /var/www/wp-blog-header.php(19): require_once('/var/www/wp-inc...')
#6 /var/www/index.php(17): require('/var/www/wp-blo...')
#7 {main}
  thrown in /var/www/wp-content/themes/Divi/header.php on line 6

2019-10-01T13:26:11+00:00 CRITICAL Uncaught Error: Call to undefined function elegant_description() in /var/www/wp-content/themes/Divi/header.php:6
Stack trace:
#0 /var/www/wp-includes/template.php(722): require_once()
#1 /var/www/wp-includes/template.php(671): load_template('/var/www/wp-con...', true)
#2 /var/www/wp-includes/general-template.php(41): locate_template(Array, true)
#3 /var/www/wp-content/themes/Divi/page.php(3): get_header()
#4 /var/www/wp-includes/template-loader.php(78): include('/var/www/wp-con...')
#5 /var/www/wp-blog-header.php(19): require_once('/var/www/wp-inc...')
#6 /var/www/index.php(17): require('/var/www/wp-blo...')
#7 {main}
  thrown in /var/www/wp-content/themes/Divi/header.php on line 6

2019-10-01T13:26:11+00:00 CRITICAL Uncaught Error: Call to undefined function elegant_description() in /var/www/wp-content/themes/Divi/header.php:6
Stack trace:
#0 /var/www/wp-includes/template.php(722): require_once()
#1 /var/www/wp-includes/template.php(671): load_template('/var/www/wp-con...', true)
#2 /var/www/wp-includes/general-template.php(41): locate_template(Array, true)
#3 /var/www/wp-content/themes/Divi/page.php(3): get_header()
#4 /var/www/wp-includes/template-loader.php(78): include('/var/www/wp-con...')
#5 /var/www/wp-blog-header.php(19): require_once('/var/www/wp-inc...')
#6 /var/www/index.php(17): require('/var/www/wp-blo...')
#7 {main}
  thrown in /var/www/wp-content/themes/Divi/header.php on line 6

2019-10-01T13:26:14+00:00 CRITICAL Uncaught Error: Call to undefined function elegant_description() in /var/www/wp-content/themes/Divi/header.php:6
Stack trace:
#0 /var/www/wp-includes/template.php(722): require_once()
#1 /var/www/wp-includes/template.php(671): load_template('/var/www/wp-con...', true)
#2 /var/www/wp-includes/general-template.php(41): locate_template(Array, true)
#3 /var/www/wp-content/themes/Divi/page.php(3): get_header()
#4 /var/www/wp-includes/template-loader.php(78): include('/var/www/wp-con...')
#5 /var/www/wp-blog-header.php(19): require_once('/var/www/wp-inc...')
#6 /var/www/index.php(17): require('/var/www/wp-blo...')
#7 {main}
  thrown in /var/www/wp-content/themes/Divi/header.php on line 6

2019-10-01T13:26:15+00:00 CRITICAL Uncaught Error: Call to undefined function elegant_description() in /var/www/wp-content/themes/Divi/header.php:6
Stack trace:
#0 /var/www/wp-includes/template.php(722): require_once()
#1 /var/www/wp-includes/template.php(671): load_template('/var/www/wp-con...', true)
#2 /var/www/wp-includes/general-template.php(41): locate_template(Array, true)
#3 /var/www/wp-content/themes/Divi/page.php(3): get_header()
#4 /var/www/wp-includes/template-loader.php(78): include('/var/www/wp-con...')
#5 /var/www/wp-blog-header.php(19): require_once('/var/www/wp-inc...')
#6 /var/www/index.php(17): require('/var/www/wp-blo...')
#7 {main}
  thrown in /var/www/wp-content/themes/Divi/header.php on line 6

2019-10-01T13:26:17+00:00 CRITICAL Uncaught Error: Call to undefined function woocommerce_breadcrumb() in /var/www/wp-content/themes/Divi/functions.php:7634
Stack trace:
#0 /var/www/wp-settings.php(499): include()
#1 /var/www/wp-config.php(109): require_once('/var/www/wp-set...')
#2 /var/www/wp-load.php(37): require_once('/var/www/wp-con...')
#3 /var/www/wp-blog-header.php(13): require_once('/var/www/wp-loa...')
#4 /var/www/index.php(17): require('/var/www/wp-blo...')
#5 {main}
  thrown in /var/www/wp-content/themes/Divi/functions.php on line 7634

2019-10-01T13:26:18+00:00 CRITICAL Uncaught Error: Call to undefined function woocommerce_breadcrumb() in /var/www/wp-content/themes/Divi/functions.php:7634
Stack trace:
#0 /var/www/wp-settings.php(499): include()
#1 /var/www/wp-config.php(109): require_once('/var/www/wp-set...')
#2 /var/www/wp-load.php(37): require_once('/var/www/wp-con...')
#3 /var/www/wp-blog-header.php(13): require_once('/var/www/wp-loa...')
#4 /var/www/index.php(17): require('/var/www/wp-blo...')
#5 {main}
  thrown in /var/www/wp-content/themes/Divi/functions.php on line 7634

2019-10-01T13:26:18+00:00 CRITICAL Uncaught Error: Call to undefined function woocommerce_breadcrumb() in /var/www/wp-content/themes/Divi/functions.php:7634
Stack trace:
#0 /var/www/wp-settings.php(499): include()
#1 /var/www/wp-config.php(109): require_once('/var/www/wp-set...')
#2 /var/www/wp-load.php(37): require_once('/var/www/wp-con...')
#3 /var/www/wp-blog-header.php(13): require_once('/var/www/wp-loa...')
#4 /var/www/index.php(17): require('/var/www/wp-blo...')
#5 {main}
  thrown in /var/www/wp-content/themes/Divi/functions.php on line 7634

2019-10-01T13:26:19+00:00 CRITICAL Uncaught Error: Call to undefined function woocommerce_breadcrumb() in /var/www/wp-content/themes/Divi/functions.php:7634
Stack trace:
#0 /var/www/wp-settings.php(499): include()
#1 /var/www/wp-config.php(109): require_once('/var/www/wp-set...')
#2 /var/www/wp-load.php(37): require_once('/var/www/wp-con...')
#3 /var/www/wp-blog-header.php(13): require_once('/var/www/wp-loa...')
#4 /var/www/index.php(17): require('/var/www/wp-blo...')
#5 {main}
  thrown in /var/www/wp-content/themes/Divi/functions.php on line 7634

2019-10-01T13:26:30+00:00 CRITICAL Uncaught Error: Call to undefined function woocommerce_breadcrumb() in /var/www/wp-content/themes/Divi/functions.php:7634
Stack trace:
#0 /var/www/wp-settings.php(499): include()
#1 /var/www/wp-config.php(109): require_once('/var/www/wp-set...')
#2 /var/www/wp-load.php(37): require_once('/var/www/wp-con...')
#3 /var/www/wp-admin/admin-ajax.php(22): require_once('/var/www/wp-loa...')
#4 {main}
  thrown in /var/www/wp-content/themes/Divi/functions.php on line 7634

2019-10-01T13:26:41+00:00 CRITICAL Uncaught Error: Call to undefined function elegant_description() in /var/www/wp-content/themes/Divi/header.php:6
Stack trace:
#0 /var/www/wp-includes/template.php(722): require_once()
#1 /var/www/wp-includes/template.php(671): load_template('/var/www/wp-con...', true)
#2 /var/www/wp-includes/general-template.php(41): locate_template(Array, true)
#3 /var/www/wp-content/themes/Divi/page.php(3): get_header()
#4 /var/www/wp-includes/template-loader.php(78): include('/var/www/wp-con...')
#5 /var/www/wp-blog-header.php(19): require_once('/var/www/wp-inc...')
#6 /var/www/index.php(17): require('/var/www/wp-blo...')
#7 {main}
  thrown in /var/www/wp-content/themes/Divi/header.php on line 6

2019-10-01T13:26:42+00:00 CRITICAL Uncaught Error: Call to undefined function elegant_description() in /var/www/wp-content/themes/Divi/header.php:6
Stack trace:
#0 /var/www/wp-includes/template.php(722): require_once()
#1 /var/www/wp-includes/template.php(671): load_template('/var/www/wp-con...', true)
#2 /var/www/wp-includes/general-template.php(41): locate_template(Array, true)
#3 /var/www/wp-content/themes/Divi/page.php(3): get_header()
#4 /var/www/wp-includes/template-loader.php(78): include('/var/www/wp-con...')
#5 /var/www/wp-blog-header.php(19): require_once('/var/www/wp-inc...')
#6 /var/www/index.php(17): require('/var/www/wp-blo...')
#7 {main}
  thrown in /var/www/wp-content/themes/Divi/header.php on line 6

2019-10-01T13:26:42+00:00 CRITICAL Uncaught Error: Call to undefined function elegant_description() in /var/www/wp-content/themes/Divi/header.php:6
Stack trace:
#0 /var/www/wp-includes/template.php(722): require_once()
#1 /var/www/wp-includes/template.php(671): load_template('/var/www/wp-con...', true)
#2 /var/www/wp-includes/general-template.php(41): locate_template(Array, true)
#3 /var/www/wp-content/themes/Divi/page.php(3): get_header()
#4 /var/www/wp-includes/template-loader.php(78): include('/var/www/wp-con...')
#5 /var/www/wp-blog-header.php(19): require_once('/var/www/wp-inc...')
#6 /var/www/index.php(17): require('/var/www/wp-blo...')
#7 {main}
  thrown in /var/www/wp-content/themes/Divi/header.php on line 6

2019-10-01T13:26:42+00:00 CRITICAL Uncaught Error: Call to undefined function elegant_description() in /var/www/wp-content/themes/Divi/header.php:6
Stack trace:
#0 /var/www/wp-includes/template.php(722): require_once()
#1 /var/www/wp-includes/template.php(671): load_template('/var/www/wp-con...', true)
#2 /var/www/wp-includes/general-template.php(41): locate_template(Array, true)
#3 /var/www/wp-content/themes/Divi/page.php(3): get_header()
#4 /var/www/wp-includes/template-loader.php(78): include('/var/www/wp-con...')
#5 /var/www/wp-blog-header.php(19): require_once('/var/www/wp-inc...')
#6 /var/www/index.php(17): require('/var/www/wp-blo...')
#7 {main}
  thrown in /var/www/wp-content/themes/Divi/header.php on line 6

2019-10-01T13:26:43+00:00 CRITICAL Uncaught Error: Call to undefined function elegant_description() in /var/www/wp-content/themes/Divi/header.php:6
Stack trace:
#0 /var/www/wp-includes/template.php(722): require_once()
#1 /var/www/wp-includes/template.php(671): load_template('/var/www/wp-con...', true)
#2 /var/www/wp-includes/general-template.php(41): locate_template(Array, true)
#3 /var/www/wp-content/themes/Divi/page.php(3): get_header()
#4 /var/www/wp-includes/template-loader.php(78): include('/var/www/wp-con...')
#5 /var/www/wp-blog-header.php(19): require_once('/var/www/wp-inc...')
#6 /var/www/index.php(17): require('/var/www/wp-blo...')
#7 {main}
  thrown in /var/www/wp-content/themes/Divi/header.php on line 6

2019-10-01T13:26:43+00:00 CRITICAL Uncaught Error: Call to undefined function elegant_description() in /var/www/wp-content/themes/Divi/header.php:6
Stack trace:
#0 /var/www/wp-includes/template.php(722): require_once()
#1 /var/www/wp-includes/template.php(671): load_template('/var/www/wp-con...', true)
#2 /var/www/wp-includes/general-template.php(41): locate_template(Array, true)
#3 /var/www/wp-content/themes/Divi/page.php(3): get_header()
#4 /var/www/wp-includes/template-loader.php(78): include('/var/www/wp-con...')
#5 /var/www/wp-blog-header.php(19): require_once('/var/www/wp-inc...')
#6 /var/www/index.php(17): require('/var/www/wp-blo...')
#7 {main}
  thrown in /var/www/wp-content/themes/Divi/header.php on line 6

2019-10-01T13:26:43+00:00 CRITICAL Uncaught Error: Call to undefined function elegant_description() in /var/www/wp-content/themes/Divi/header.php:6
Stack trace:
#0 /var/www/wp-includes/template.php(722): require_once()
#1 /var/www/wp-includes/template.php(671): load_template('/var/www/wp-con...', true)
#2 /var/www/wp-includes/general-template.php(41): locate_template(Array, true)
#3 /var/www/wp-content/themes/Divi/page.php(3): get_header()
#4 /var/www/wp-includes/template-loader.php(78): include('/var/www/wp-con...')
#5 /var/www/wp-blog-header.php(19): require_once('/var/www/wp-inc...')
#6 /var/www/index.php(17): require('/var/www/wp-blo...')
#7 {main}
  thrown in /var/www/wp-content/themes/Divi/header.php on line 6

2019-10-01T13:26:43+00:00 CRITICAL Uncaught Error: Call to undefined function elegant_description() in /var/www/wp-content/themes/Divi/header.php:6
Stack trace:
#0 /var/www/wp-includes/template.php(722): require_once()
#1 /var/www/wp-includes/template.php(671): load_template('/var/www/wp-con...', true)
#2 /var/www/wp-includes/general-template.php(41): locate_template(Array, true)
#3 /var/www/wp-content/themes/Divi/page.php(3): get_header()
#4 /var/www/wp-includes/template-loader.php(78): include('/var/www/wp-con...')
#5 /var/www/wp-blog-header.php(19): require_once('/var/www/wp-inc...')
#6 /var/www/index.php(17): require('/var/www/wp-blo...')
#7 {main}
  thrown in /var/www/wp-content/themes/Divi/header.php on line 6

2019-10-01T13:26:43+00:00 CRITICAL Uncaught Error: Call to undefined function elegant_description() in /var/www/wp-content/themes/Divi/header.php:6
Stack trace:
#0 /var/www/wp-includes/template.php(722): require_once()
#1 /var/www/wp-includes/template.php(671): load_template('/var/www/wp-con...', true)
#2 /var/www/wp-includes/general-template.php(41): locate_template(Array, true)
#3 /var/www/wp-content/themes/Divi/page.php(3): get_header()
#4 /var/www/wp-includes/template-loader.php(78): include('/var/www/wp-con...')
#5 /var/www/wp-blog-header.php(19): require_once('/var/www/wp-inc...')
#6 /var/www/index.php(17): require('/var/www/wp-blo...')
#7 {main}
  thrown in /var/www/wp-content/themes/Divi/header.php on line 6

2019-10-01T13:26:44+00:00 CRITICAL Uncaught Error: Call to undefined function elegant_description() in /var/www/wp-content/themes/Divi/header.php:6
Stack trace:
#0 /var/www/wp-includes/template.php(722): require_once()
#1 /var/www/wp-includes/template.php(671): load_template('/var/www/wp-con...', true)
#2 /var/www/wp-includes/general-template.php(41): locate_template(Array, true)
#3 /var/www/wp-content/themes/Divi/page.php(3): get_header()
#4 /var/www/wp-includes/template-loader.php(78): include('/var/www/wp-con...')
#5 /var/www/wp-blog-header.php(19): require_once('/var/www/wp-inc...')
#6 /var/www/index.php(17): require('/var/www/wp-blo...')
#7 {main}
  thrown in /var/www/wp-content/themes/Divi/header.php on line 6

2019-10-01T13:26:44+00:00 CRITICAL Uncaught Error: Call to undefined function elegant_description() in /var/www/wp-content/themes/Divi/header.php:6
Stack trace:
#0 /var/www/wp-includes/template.php(722): require_once()
#1 /var/www/wp-includes/template.php(671): load_template('/var/www/wp-con...', true)
#2 /var/www/wp-includes/general-template.php(41): locate_template(Array, true)
#3 /var/www/wp-content/themes/Divi/page.php(3): get_header()
#4 /var/www/wp-includes/template-loader.php(78): include('/var/www/wp-con...')
#5 /var/www/wp-blog-header.php(19): require_once('/var/www/wp-inc...')
#6 /var/www/index.php(17): require('/var/www/wp-blo...')
#7 {main}
  thrown in /var/www/wp-content/themes/Divi/header.php on line 6

2019-10-01T13:26:44+00:00 CRITICAL Uncaught Error: Call to undefined function elegant_description() in /var/www/wp-content/themes/Divi/header.php:6
Stack trace:
#0 /var/www/wp-includes/template.php(722): require_once()
#1 /var/www/wp-includes/template.php(671): load_template('/var/www/wp-con...', true)
#2 /var/www/wp-includes/general-template.php(41): locate_template(Array, true)
#3 /var/www/wp-content/themes/Divi/page.php(3): get_header()
#4 /var/www/wp-includes/template-loader.php(78): include('/var/www/wp-con...')
#5 /var/www/wp-blog-header.php(19): require_once('/var/www/wp-inc...')
#6 /var/www/index.php(17): require('/var/www/wp-blo...')
#7 {main}
  thrown in /var/www/wp-content/themes/Divi/header.php on line 6

2019-10-01T13:26:44+00:00 CRITICAL Uncaught Error: Call to undefined function elegant_description() in /var/www/wp-content/themes/Divi/header.php:6
Stack trace:
#0 /var/www/wp-includes/template.php(722): require_once()
#1 /var/www/wp-includes/template.php(671): load_template('/var/www/wp-con...', true)
#2 /var/www/wp-includes/general-template.php(41): locate_template(Array, true)
#3 /var/www/wp-content/themes/Divi/page.php(3): get_header()
#4 /var/www/wp-includes/template-loader.php(78): include('/var/www/wp-con...')
#5 /var/www/wp-blog-header.php(19): require_once('/var/www/wp-inc...')
#6 /var/www/index.php(17): require('/var/www/wp-blo...')
#7 {main}
  thrown in /var/www/wp-content/themes/Divi/header.php on line 6

2019-10-01T13:26:44+00:00 CRITICAL Uncaught Error: Call to undefined function elegant_description() in /var/www/wp-content/themes/Divi/header.php:6
Stack trace:
#0 /var/www/wp-includes/template.php(722): require_once()
#1 /var/www/wp-includes/template.php(671): load_template('/var/www/wp-con...', true)
#2 /var/www/wp-includes/general-template.php(41): locate_template(Array, true)
#3 /var/www/wp-content/themes/Divi/page.php(3): get_header()
#4 /var/www/wp-includes/template-loader.php(78): include('/var/www/wp-con...')
#5 /var/www/wp-blog-header.php(19): require_once('/var/www/wp-inc...')
#6 /var/www/index.php(17): require('/var/www/wp-blo...')
#7 {main}
  thrown in /var/www/wp-content/themes/Divi/header.php on line 6

2019-10-01T13:26:45+00:00 CRITICAL Uncaught Error: Call to undefined function elegant_description() in /var/www/wp-content/themes/Divi/header.php:6
Stack trace:
#0 /var/www/wp-includes/template.php(722): require_once()
#1 /var/www/wp-includes/template.php(671): load_template('/var/www/wp-con...', true)
#2 /var/www/wp-includes/general-template.php(41): locate_template(Array, true)
#3 /var/www/wp-content/themes/Divi/page.php(3): get_header()
#4 /var/www/wp-includes/template-loader.php(78): include('/var/www/wp-con...')
#5 /var/www/wp-blog-header.php(19): require_once('/var/www/wp-inc...')
#6 /var/www/index.php(17): require('/var/www/wp-blo...')
#7 {main}
  thrown in /var/www/wp-content/themes/Divi/header.php on line 6

2019-10-01T13:26:45+00:00 CRITICAL Uncaught Error: Call to undefined function elegant_description() in /var/www/wp-content/themes/Divi/header.php:6
Stack trace:
#0 /var/www/wp-includes/template.php(722): require_once()
#1 /var/www/wp-includes/template.php(671): load_template('/var/www/wp-con...', true)
#2 /var/www/wp-includes/general-template.php(41): locate_template(Array, true)
#3 /var/www/wp-content/themes/Divi/page.php(3): get_header()
#4 /var/www/wp-includes/template-loader.php(78): include('/var/www/wp-con...')
#5 /var/www/wp-blog-header.php(19): require_once('/var/www/wp-inc...')
#6 /var/www/index.php(17): require('/var/www/wp-blo...')
#7 {main}
  thrown in /var/www/wp-content/themes/Divi/header.php on line 6

2019-10-01T13:26:45+00:00 CRITICAL Uncaught Error: Call to undefined function elegant_description() in /var/www/wp-content/themes/Divi/header.php:6
Stack trace:
#0 /var/www/wp-includes/template.php(722): require_once()
#1 /var/www/wp-includes/template.php(671): load_template('/var/www/wp-con...', true)
#2 /var/www/wp-includes/general-template.php(41): locate_template(Array, true)
#3 /var/www/wp-content/themes/Divi/page.php(3): get_header()
#4 /var/www/wp-includes/template-loader.php(78): include('/var/www/wp-con...')
#5 /var/www/wp-blog-header.php(19): require_once('/var/www/wp-inc...')
#6 /var/www/index.php(17): require('/var/www/wp-blo...')
#7 {main}
  thrown in /var/www/wp-content/themes/Divi/header.php on line 6

2019-10-01T13:26:45+00:00 CRITICAL Uncaught Error: Call to undefined function elegant_description() in /var/www/wp-content/themes/Divi/header.php:6
Stack trace:
#0 /var/www/wp-includes/template.php(722): require_once()
#1 /var/www/wp-includes/template.php(671): load_template('/var/www/wp-con...', true)
#2 /var/www/wp-includes/general-template.php(41): locate_template(Array, true)
#3 /var/www/wp-content/themes/Divi/page.php(3): get_header()
#4 /var/www/wp-includes/template-loader.php(78): include('/var/www/wp-con...')
#5 /var/www/wp-blog-header.php(19): require_once('/var/www/wp-inc...')
#6 /var/www/index.php(17): require('/var/www/wp-blo...')
#7 {main}
  thrown in /var/www/wp-content/themes/Divi/header.php on line 6

2019-10-01T13:26:46+00:00 CRITICAL Uncaught Error: Call to undefined function elegant_description() in /var/www/wp-content/themes/Divi/header.php:6
Stack trace:
#0 /var/www/wp-includes/template.php(722): require_once()
#1 /var/www/wp-includes/template.php(671): load_template('/var/www/wp-con...', true)
#2 /var/www/wp-includes/general-template.php(41): locate_template(Array, true)
#3 /var/www/wp-content/themes/Divi/page.php(3): get_header()
#4 /var/www/wp-includes/template-loader.php(78): include('/var/www/wp-con...')
#5 /var/www/wp-blog-header.php(19): require_once('/var/www/wp-inc...')
#6 /var/www/index.php(17): require('/var/www/wp-blo...')
#7 {main}
  thrown in /var/www/wp-content/themes/Divi/header.php on line 6

2019-10-01T13:26:46+00:00 CRITICAL Uncaught Error: Call to undefined function elegant_description() in /var/www/wp-content/themes/Divi/header.php:6
Stack trace:
#0 /var/www/wp-includes/template.php(722): require_once()
#1 /var/www/wp-includes/template.php(671): load_template('/var/www/wp-con...', true)
#2 /var/www/wp-includes/general-template.php(41): locate_template(Array, true)
#3 /var/www/wp-content/themes/Divi/page.php(3): get_header()
#4 /var/www/wp-includes/template-loader.php(78): include('/var/www/wp-con...')
#5 /var/www/wp-blog-header.php(19): require_once('/var/www/wp-inc...')
#6 /var/www/index.php(17): require('/var/www/wp-blo...')
#7 {main}
  thrown in /var/www/wp-content/themes/Divi/header.php on line 6

2019-10-01T13:26:46+00:00 CRITICAL Uncaught Error: Call to undefined function elegant_description() in /var/www/wp-content/themes/Divi/header.php:6
Stack trace:
#0 /var/www/wp-includes/template.php(722): require_once()
#1 /var/www/wp-includes/template.php(671): load_template('/var/www/wp-con...', true)
#2 /var/www/wp-includes/general-template.php(41): locate_template(Array, true)
#3 /var/www/wp-content/themes/Divi/page.php(3): get_header()
#4 /var/www/wp-includes/template-loader.php(78): include('/var/www/wp-con...')
#5 /var/www/wp-blog-header.php(19): require_once('/var/www/wp-inc...')
#6 /var/www/index.php(17): require('/var/www/wp-blo...')
#7 {main}
  thrown in /var/www/wp-content/themes/Divi/header.php on line 6

2019-10-01T13:26:47+00:00 CRITICAL Uncaught Error: Call to undefined function elegant_description() in /var/www/wp-content/themes/Divi/header.php:6
Stack trace:
#0 /var/www/wp-includes/template.php(722): require_once()
#1 /var/www/wp-includes/template.php(671): load_template('/var/www/wp-con...', true)
#2 /var/www/wp-includes/general-template.php(41): locate_template(Array, true)
#3 /var/www/wp-content/themes/Divi/page.php(3): get_header()
#4 /var/www/wp-includes/template-loader.php(78): include('/var/www/wp-con...')
#5 /var/www/wp-blog-header.php(19): require_once('/var/www/wp-inc...')
#6 /var/www/index.php(17): require('/var/www/wp-blo...')
#7 {main}
  thrown in /var/www/wp-content/themes/Divi/header.php on line 6

2019-10-01T13:26:47+00:00 CRITICAL Uncaught Error: Call to undefined function elegant_description() in /var/www/wp-content/themes/Divi/header.php:6
Stack trace:
#0 /var/www/wp-includes/template.php(722): require_once()
#1 /var/www/wp-includes/template.php(671): load_template('/var/www/wp-con...', true)
#2 /var/www/wp-includes/general-template.php(41): locate_template(Array, true)
#3 /var/www/wp-content/themes/Divi/page.php(3): get_header()
#4 /var/www/wp-includes/template-loader.php(78): include('/var/www/wp-con...')
#5 /var/www/wp-blog-header.php(19): require_once('/var/www/wp-inc...')
#6 /var/www/index.php(17): require('/var/www/wp-blo...')
#7 {main}
  thrown in /var/www/wp-content/themes/Divi/header.php on line 6

2019-10-01T13:26:52+00:00 CRITICAL Uncaught Error: Call to undefined function woocommerce_breadcrumb() in /var/www/wp-content/themes/Divi/functions.php:7634
Stack trace:
#0 /var/www/wp-settings.php(499): include()
#1 /var/www/wp-config.php(109): require_once('/var/www/wp-set...')
#2 /var/www/wp-load.php(37): require_once('/var/www/wp-con...')
#3 /var/www/wp-blog-header.php(13): require_once('/var/www/wp-loa...')
#4 /var/www/index.php(17): require('/var/www/wp-blo...')
#5 {main}
  thrown in /var/www/wp-content/themes/Divi/functions.php on line 7634

2019-10-01T13:26:56+00:00 CRITICAL Uncaught Error: Call to undefined function woocommerce_breadcrumb() in /var/www/wp-content/themes/Divi/functions.php:7634
Stack trace:
#0 /var/www/wp-settings.php(499): include()
#1 /var/www/wp-config.php(109): require_once('/var/www/wp-set...')
#2 /var/www/wp-load.php(37): require_once('/var/www/wp-con...')
#3 /var/www/wp-blog-header.php(13): require_once('/var/www/wp-loa...')
#4 /var/www/index.php(17): require('/var/www/wp-blo...')
#5 {main}
  thrown in /var/www/wp-content/themes/Divi/functions.php on line 7634

2019-10-01T13:27:01+00:00 CRITICAL Uncaught Error: Call to undefined function woocommerce_breadcrumb() in /var/www/wp-content/themes/Divi/functions.php:7634
Stack trace:
#0 /var/www/wp-settings.php(499): include()
#1 /var/www/wp-config.php(109): require_once('/var/www/wp-set...')
#2 /var/www/wp-load.php(37): require_once('/var/www/wp-con...')
#3 /var/www/wp-admin/admin-ajax.php(22): require_once('/var/www/wp-loa...')
#4 {main}
  thrown in /var/www/wp-content/themes/Divi/functions.php on line 7634

2019-10-01T13:27:03+00:00 CRITICAL Uncaught Error: Call to undefined function woocommerce_breadcrumb() in /var/www/wp-content/themes/Divi/functions.php:7634
Stack trace:
#0 /var/www/wp-settings.php(499): include()
#1 /var/www/wp-config.php(109): require_once('/var/www/wp-set...')
#2 /var/www/wp-load.php(37): require_once('/var/www/wp-con...')
#3 /var/www/wp-blog-header.php(13): require_once('/var/www/wp-loa...')
#4 /var/www/index.php(17): require('/var/www/wp-blo...')
#5 {main}
  thrown in /var/www/wp-content/themes/Divi/functions.php on line 7634

2019-10-01T13:27:05+00:00 CRITICAL Uncaught Error: Call to undefined function elegant_description() in /var/www/wp-content/themes/Divi/header.php:6
Stack trace:
#0 /var/www/wp-includes/template.php(722): require_once()
#1 /var/www/wp-includes/template.php(671): load_template('/var/www/wp-con...', true)
#2 /var/www/wp-includes/general-template.php(41): locate_template(Array, true)
#3 /var/www/wp-content/themes/Divi/page.php(3): get_header()
#4 /var/www/wp-includes/template-loader.php(78): include('/var/www/wp-con...')
#5 /var/www/wp-blog-header.php(19): require_once('/var/www/wp-inc...')
#6 /var/www/index.php(17): require('/var/www/wp-blo...')
#7 {main}
  thrown in /var/www/wp-content/themes/Divi/header.php on line 6

2019-10-01T13:27:05+00:00 CRITICAL Uncaught Error: Call to undefined function elegant_description() in /var/www/wp-content/themes/Divi/header.php:6
Stack trace:
#0 /var/www/wp-includes/template.php(722): require_once()
#1 /var/www/wp-includes/template.php(671): load_template('/var/www/wp-con...', true)
#2 /var/www/wp-includes/general-template.php(41): locate_template(Array, true)
#3 /var/www/wp-content/themes/Divi/page.php(3): get_header()
#4 /var/www/wp-includes/template-loader.php(78): include('/var/www/wp-con...')
#5 /var/www/wp-blog-header.php(19): require_once('/var/www/wp-inc...')
#6 /var/www/index.php(17): require('/var/www/wp-blo...')
#7 {main}
  thrown in /var/www/wp-content/themes/Divi/header.php on line 6

2019-10-01T13:27:06+00:00 CRITICAL Uncaught Error: Call to undefined function elegant_description() in /var/www/wp-content/themes/Divi/header.php:6
Stack trace:
#0 /var/www/wp-includes/template.php(722): require_once()
#1 /var/www/wp-includes/template.php(671): load_template('/var/www/wp-con...', true)
#2 /var/www/wp-includes/general-template.php(41): locate_template(Array, true)
#3 /var/www/wp-content/themes/Divi/page.php(3): get_header()
#4 /var/www/wp-includes/template-loader.php(78): include('/var/www/wp-con...')
#5 /var/www/wp-blog-header.php(19): require_once('/var/www/wp-inc...')
#6 /var/www/index.php(17): require('/var/www/wp-blo...')
#7 {main}
  thrown in /var/www/wp-content/themes/Divi/header.php on line 6

2019-10-01T13:27:06+00:00 CRITICAL Uncaught Error: Call to undefined function elegant_description() in /var/www/wp-content/themes/Divi/header.php:6
Stack trace:
#0 /var/www/wp-includes/template.php(722): require_once()
#1 /var/www/wp-includes/template.php(671): load_template('/var/www/wp-con...', true)
#2 /var/www/wp-includes/general-template.php(41): locate_template(Array, true)
#3 /var/www/wp-content/themes/Divi/page.php(3): get_header()
#4 /var/www/wp-includes/template-loader.php(78): include('/var/www/wp-con...')
#5 /var/www/wp-blog-header.php(19): require_once('/var/www/wp-inc...')
#6 /var/www/index.php(17): require('/var/www/wp-blo...')
#7 {main}
  thrown in /var/www/wp-content/themes/Divi/header.php on line 6

2019-10-01T13:27:07+00:00 CRITICAL Uncaught Error: Call to undefined function elegant_description() in /var/www/wp-content/themes/Divi/header.php:6
Stack trace:
#0 /var/www/wp-includes/template.php(722): require_once()
#1 /var/www/wp-includes/template.php(671): load_template('/var/www/wp-con...', true)
#2 /var/www/wp-includes/general-template.php(41): locate_template(Array, true)
#3 /var/www/wp-content/themes/Divi/page.php(3): get_header()
#4 /var/www/wp-includes/template-loader.php(78): include('/var/www/wp-con...')
#5 /var/www/wp-blog-header.php(19): require_once('/var/www/wp-inc...')
#6 /var/www/index.php(17): require('/var/www/wp-blo...')
#7 {main}
  thrown in /var/www/wp-content/themes/Divi/header.php on line 6

2019-10-01T13:27:08+00:00 CRITICAL Uncaught Error: Call to undefined function elegant_description() in /var/www/wp-content/themes/Divi/header.php:6
Stack trace:
#0 /var/www/wp-includes/template.php(722): require_once()
#1 /var/www/wp-includes/template.php(671): load_template('/var/www/wp-con...', true)
#2 /var/www/wp-includes/general-template.php(41): locate_template(Array, true)
#3 /var/www/wp-content/themes/Divi/page.php(3): get_header()
#4 /var/www/wp-includes/template-loader.php(78): include('/var/www/wp-con...')
#5 /var/www/wp-blog-header.php(19): require_once('/var/www/wp-inc...')
#6 /var/www/index.php(17): require('/var/www/wp-blo...')
#7 {main}
  thrown in /var/www/wp-content/themes/Divi/header.php on line 6

2019-10-01T13:27:08+00:00 CRITICAL Uncaught Error: Call to undefined function elegant_description() in /var/www/wp-content/themes/Divi/header.php:6
Stack trace:
#0 /var/www/wp-includes/template.php(722): require_once()
#1 /var/www/wp-includes/template.php(671): load_template('/var/www/wp-con...', true)
#2 /var/www/wp-includes/general-template.php(41): locate_template(Array, true)
#3 /var/www/wp-content/themes/Divi/page.php(3): get_header()
#4 /var/www/wp-includes/template-loader.php(78): include('/var/www/wp-con...')
#5 /var/www/wp-blog-header.php(19): require_once('/var/www/wp-inc...')
#6 /var/www/index.php(17): require('/var/www/wp-blo...')
#7 {main}
  thrown in /var/www/wp-content/themes/Divi/header.php on line 6

2019-10-01T13:27:09+00:00 CRITICAL Uncaught Error: Call to undefined function elegant_description() in /var/www/wp-content/themes/Divi/header.php:6
Stack trace:
#0 /var/www/wp-includes/template.php(722): require_once()
#1 /var/www/wp-includes/template.php(671): load_template('/var/www/wp-con...', true)
#2 /var/www/wp-includes/general-template.php(41): locate_template(Array, true)
#3 /var/www/wp-content/themes/Divi/page.php(3): get_header()
#4 /var/www/wp-includes/template-loader.php(78): include('/var/www/wp-con...')
#5 /var/www/wp-blog-header.php(19): require_once('/var/www/wp-inc...')
#6 /var/www/index.php(17): require('/var/www/wp-blo...')
#7 {main}
  thrown in /var/www/wp-content/themes/Divi/header.php on line 6

2019-10-01T13:29:52+00:00 CRITICAL syntax error, unexpected '<', expecting end of file in /var/www/wp-content/themes/Divi/functions.php on line 7615

2019-10-01T13:29:54+00:00 CRITICAL syntax error, unexpected '<', expecting end of file in /var/www/wp-content/themes/Divi/functions.php on line 7615

2019-10-01T13:29:59+00:00 CRITICAL syntax error, unexpected '<', expecting end of file in /var/www/wp-content/themes/Divi/functions.php on line 7615

2019-10-01T13:30:02+00:00 CRITICAL syntax error, unexpected '<', expecting end of file in /var/www/wp-content/themes/Divi/functions.php on line 7615

2019-10-01T13:30:02+00:00 CRITICAL syntax error, unexpected '<', expecting end of file in /var/www/wp-content/themes/Divi/functions.php on line 7615

2019-10-01T13:30:04+00:00 CRITICAL syntax error, unexpected '<', expecting end of file in /var/www/wp-content/themes/Divi/functions.php on line 7615

2019-10-01T13:30:41+00:00 CRITICAL Uncaught Error: Call to undefined function woocommerce_breadcrumb() in /var/www/wp-content/themes/Divi/functions.php:7620
Stack trace:
#0 /var/www/wp-settings.php(499): include()
#1 /var/www/wp-config.php(109): require_once('/var/www/wp-set...')
#2 /var/www/wp-load.php(37): require_once('/var/www/wp-con...')
#3 /var/www/wp-blog-header.php(13): require_once('/var/www/wp-loa...')
#4 /var/www/index.php(17): require('/var/www/wp-blo...')
#5 {main}
  thrown in /var/www/wp-content/themes/Divi/functions.php on line 7620

2019-10-01T13:30:42+00:00 CRITICAL Uncaught Error: Call to undefined function woocommerce_breadcrumb() in /var/www/wp-content/themes/Divi/functions.php:7620
Stack trace:
#0 /var/www/wp-settings.php(499): include()
#1 /var/www/wp-config.php(109): require_once('/var/www/wp-set...')
#2 /var/www/wp-load.php(37): require_once('/var/www/wp-con...')
#3 /var/www/wp-blog-header.php(13): require_once('/var/www/wp-loa...')
#4 /var/www/index.php(17): require('/var/www/wp-blo...')
#5 {main}
  thrown in /var/www/wp-content/themes/Divi/functions.php on line 7620

2019-10-01T13:30:43+00:00 CRITICAL Uncaught Error: Call to undefined function woocommerce_breadcrumb() in /var/www/wp-content/themes/Divi/functions.php:7620
Stack trace:
#0 /var/www/wp-settings.php(499): include()
#1 /var/www/wp-config.php(109): require_once('/var/www/wp-set...')
#2 /var/www/wp-load.php(37): require_once('/var/www/wp-con...')
#3 /var/www/wp-blog-header.php(13): require_once('/var/www/wp-loa...')
#4 /var/www/index.php(17): require('/var/www/wp-blo...')
#5 {main}
  thrown in /var/www/wp-content/themes/Divi/functions.php on line 7620

2019-10-01T13:30:53+00:00 CRITICAL Uncaught Error: Call to undefined function woocommerce_breadcrumb() in /var/www/wp-content/themes/Divi/functions.php:7620
Stack trace:
#0 /var/www/wp-settings.php(499): include()
#1 /var/www/wp-config.php(109): require_once('/var/www/wp-set...')
#2 /var/www/wp-load.php(37): require_once('/var/www/wp-con...')
#3 /var/www/wp-blog-header.php(13): require_once('/var/www/wp-loa...')
#4 /var/www/index.php(17): require('/var/www/wp-blo...')
#5 {main}
  thrown in /var/www/wp-content/themes/Divi/functions.php on line 7620

2019-10-01T13:30:54+00:00 CRITICAL Uncaught Error: Call to undefined function woocommerce_breadcrumb() in /var/www/wp-content/themes/Divi/functions.php:7620
Stack trace:
#0 /var/www/wp-settings.php(499): include()
#1 /var/www/wp-config.php(109): require_once('/var/www/wp-set...')
#2 /var/www/wp-load.php(37): require_once('/var/www/wp-con...')
#3 /var/www/wp-blog-header.php(13): require_once('/var/www/wp-loa...')
#4 /var/www/index.php(17): require('/var/www/wp-blo...')
#5 {main}
  thrown in /var/www/wp-content/themes/Divi/functions.php on line 7620

2019-10-01T13:33:25+00:00 CRITICAL Uncaught Error: Call to undefined function elegant_description() in /var/www/wp-content/themes/Divi/header.php:6
Stack trace:
#0 /var/www/wp-includes/template.php(722): require_once()
#1 /var/www/wp-includes/template.php(671): load_template('/var/www/wp-con...', true)
#2 /var/www/wp-includes/general-template.php(41): locate_template(Array, true)
#3 /var/www/wp-content/themes/Divi/single.php(3): get_header()
#4 /var/www/wp-includes/template-loader.php(78): include('/var/www/wp-con...')
#5 /var/www/wp-blog-header.php(19): require_once('/var/www/wp-inc...')
#6 /var/www/index.php(17): require('/var/www/wp-blo...')
#7 {main}
  thrown in /var/www/wp-content/themes/Divi/header.php on line 6

2019-10-01T13:33:26+00:00 CRITICAL Uncaught Error: Call to undefined function elegant_description() in /var/www/wp-content/themes/Divi/header.php:6
Stack trace:
#0 /var/www/wp-includes/template.php(722): require_once()
#1 /var/www/wp-includes/template.php(671): load_template('/var/www/wp-con...', true)
#2 /var/www/wp-includes/general-template.php(41): locate_template(Array, true)
#3 /var/www/wp-content/themes/Divi/single.php(3): get_header()
#4 /var/www/wp-includes/template-loader.php(78): include('/var/www/wp-con...')
#5 /var/www/wp-blog-header.php(19): require_once('/var/www/wp-inc...')
#6 /var/www/index.php(17): require('/var/www/wp-blo...')
#7 {main}
  thrown in /var/www/wp-content/themes/Divi/header.php on line 6

2019-10-01T13:33:37+00:00 CRITICAL Uncaught Error: Call to undefined function elegant_description() in /var/www/wp-content/themes/Divi/header.php:6
Stack trace:
#0 /var/www/wp-includes/template.php(722): require_once()
#1 /var/www/wp-includes/template.php(671): load_template('/var/www/wp-con...', true)
#2 /var/www/wp-includes/general-template.php(41): locate_template(Array, true)
#3 /var/www/wp-content/themes/Divi/single.php(3): get_header()
#4 /var/www/wp-includes/template-loader.php(78): include('/var/www/wp-con...')
#5 /var/www/wp-blog-header.php(19): require_once('/var/www/wp-inc...')
#6 /var/www/index.php(17): require('/var/www/wp-blo...')
#7 {main}
  thrown in /var/www/wp-content/themes/Divi/header.php on line 6

2019-10-01T13:33:40+00:00 CRITICAL Uncaught Error: Call to undefined function elegant_description() in /var/www/wp-content/themes/Divi/header.php:6
Stack trace:
#0 /var/www/wp-includes/template.php(722): require_once()
#1 /var/www/wp-includes/template.php(671): load_template('/var/www/wp-con...', true)
#2 /var/www/wp-includes/general-template.php(41): locate_template(Array, true)
#3 /var/www/wp-content/themes/Divi/single.php(3): get_header()
#4 /var/www/wp-includes/template-loader.php(78): include('/var/www/wp-con...')
#5 /var/www/wp-blog-header.php(19): require_once('/var/www/wp-inc...')
#6 /var/www/index.php(17): require('/var/www/wp-blo...')
#7 {main}
  thrown in /var/www/wp-content/themes/Divi/header.php on line 6

2019-10-01T13:33:41+00:00 CRITICAL Uncaught Error: Call to undefined function elegant_description() in /var/www/wp-content/themes/Divi/header.php:6
Stack trace:
#0 /var/www/wp-includes/template.php(722): require_once()
#1 /var/www/wp-includes/template.php(671): load_template('/var/www/wp-con...', true)
#2 /var/www/wp-includes/general-template.php(41): locate_template(Array, true)
#3 /var/www/wp-content/themes/Divi/single.php(3): get_header()
#4 /var/www/wp-includes/template-loader.php(78): include('/var/www/wp-con...')
#5 /var/www/wp-blog-header.php(19): require_once('/var/www/wp-inc...')
#6 /var/www/index.php(17): require('/var/www/wp-blo...')
#7 {main}
  thrown in /var/www/wp-content/themes/Divi/header.php on line 6

2019-10-01T13:33:42+00:00 CRITICAL Uncaught Error: Call to undefined function elegant_description() in /var/www/wp-content/themes/Divi/header.php:6
Stack trace:
#0 /var/www/wp-includes/template.php(722): require_once()
#1 /var/www/wp-includes/template.php(671): load_template('/var/www/wp-con...', true)
#2 /var/www/wp-includes/general-template.php(41): locate_template(Array, true)
#3 /var/www/wp-content/themes/Divi/single.php(3): get_header()
#4 /var/www/wp-includes/template-loader.php(78): include('/var/www/wp-con...')
#5 /var/www/wp-blog-header.php(19): require_once('/var/www/wp-inc...')
#6 /var/www/index.php(17): require('/var/www/wp-blo...')
#7 {main}
  thrown in /var/www/wp-content/themes/Divi/header.php on line 6

2019-10-01T13:33:43+00:00 CRITICAL Uncaught Error: Call to undefined function elegant_description() in /var/www/wp-content/themes/Divi/header.php:6
Stack trace:
#0 /var/www/wp-includes/template.php(722): require_once()
#1 /var/www/wp-includes/template.php(671): load_template('/var/www/wp-con...', true)
#2 /var/www/wp-includes/general-template.php(41): locate_template(Array, true)
#3 /var/www/wp-content/themes/Divi/single.php(3): get_header()
#4 /var/www/wp-includes/template-loader.php(78): include('/var/www/wp-con...')
#5 /var/www/wp-blog-header.php(19): require_once('/var/www/wp-inc...')
#6 /var/www/index.php(17): require('/var/www/wp-blo...')
#7 {main}
  thrown in /var/www/wp-content/themes/Divi/header.php on line 6

2019-10-01T13:33:44+00:00 CRITICAL Uncaught Error: Call to undefined function elegant_description() in /var/www/wp-content/themes/Divi/header.php:6
Stack trace:
#0 /var/www/wp-includes/template.php(722): require_once()
#1 /var/www/wp-includes/template.php(671): load_template('/var/www/wp-con...', true)
#2 /var/www/wp-includes/general-template.php(41): locate_template(Array, true)
#3 /var/www/wp-content/themes/Divi/single.php(3): get_header()
#4 /var/www/wp-includes/template-loader.php(78): include('/var/www/wp-con...')
#5 /var/www/wp-blog-header.php(19): require_once('/var/www/wp-inc...')
#6 /var/www/index.php(17): require('/var/www/wp-blo...')
#7 {main}
  thrown in /var/www/wp-content/themes/Divi/header.php on line 6

2019-10-01T13:33:45+00:00 CRITICAL Uncaught Error: Call to undefined function elegant_description() in /var/www/wp-content/themes/Divi/header.php:6
Stack trace:
#0 /var/www/wp-includes/template.php(722): require_once()
#1 /var/www/wp-includes/template.php(671): load_template('/var/www/wp-con...', true)
#2 /var/www/wp-includes/general-template.php(41): locate_template(Array, true)
#3 /var/www/wp-content/themes/Divi/single.php(3): get_header()
#4 /var/www/wp-includes/template-loader.php(78): include('/var/www/wp-con...')
#5 /var/www/wp-blog-header.php(19): require_once('/var/www/wp-inc...')
#6 /var/www/index.php(17): require('/var/www/wp-blo...')
#7 {main}
  thrown in /var/www/wp-content/themes/Divi/header.php on line 6

2019-10-01T13:33:46+00:00 CRITICAL Uncaught Error: Call to undefined function elegant_description() in /var/www/wp-content/themes/Divi/header.php:6
Stack trace:
#0 /var/www/wp-includes/template.php(722): require_once()
#1 /var/www/wp-includes/template.php(671): load_template('/var/www/wp-con...', true)
#2 /var/www/wp-includes/general-template.php(41): locate_template(Array, true)
#3 /var/www/wp-content/themes/Divi/single.php(3): get_header()
#4 /var/www/wp-includes/template-loader.php(78): include('/var/www/wp-con...')
#5 /var/www/wp-blog-header.php(19): require_once('/var/www/wp-inc...')
#6 /var/www/index.php(17): require('/var/www/wp-blo...')
#7 {main}
  thrown in /var/www/wp-content/themes/Divi/header.php on line 6

2019-10-01T13:33:47+00:00 CRITICAL Uncaught Error: Call to undefined function elegant_description() in /var/www/wp-content/themes/Divi/header.php:6
Stack trace:
#0 /var/www/wp-includes/template.php(722): require_once()
#1 /var/www/wp-includes/template.php(671): load_template('/var/www/wp-con...', true)
#2 /var/www/wp-includes/general-template.php(41): locate_template(Array, true)
#3 /var/www/wp-content/themes/Divi/single.php(3): get_header()
#4 /var/www/wp-includes/template-loader.php(78): include('/var/www/wp-con...')
#5 /var/www/wp-blog-header.php(19): require_once('/var/www/wp-inc...')
#6 /var/www/index.php(17): require('/var/www/wp-blo...')
#7 {main}
  thrown in /var/www/wp-content/themes/Divi/header.php on line 6

2019-10-01T13:33:47+00:00 CRITICAL Uncaught Error: Call to undefined function elegant_description() in /var/www/wp-content/themes/Divi/header.php:6
Stack trace:
#0 /var/www/wp-includes/template.php(722): require_once()
#1 /var/www/wp-includes/template.php(671): load_template('/var/www/wp-con...', true)
#2 /var/www/wp-includes/general-template.php(41): locate_template(Array, true)
#3 /var/www/wp-content/themes/Divi/single.php(3): get_header()
#4 /var/www/wp-includes/template-loader.php(78): include('/var/www/wp-con...')
#5 /var/www/wp-blog-header.php(19): require_once('/var/www/wp-inc...')
#6 /var/www/index.php(17): require('/var/www/wp-blo...')
#7 {main}
  thrown in /var/www/wp-content/themes/Divi/header.php on line 6

2019-10-01T13:33:47+00:00 CRITICAL Uncaught Error: Call to undefined function elegant_description() in /var/www/wp-content/themes/Divi/header.php:6
Stack trace:
#0 /var/www/wp-includes/template.php(722): require_once()
#1 /var/www/wp-includes/template.php(671): load_template('/var/www/wp-con...', true)
#2 /var/www/wp-includes/general-template.php(41): locate_template(Array, true)
#3 /var/www/wp-content/themes/Divi/single.php(3): get_header()
#4 /var/www/wp-includes/template-loader.php(78): include('/var/www/wp-con...')
#5 /var/www/wp-blog-header.php(19): require_once('/var/www/wp-inc...')
#6 /var/www/index.php(17): require('/var/www/wp-blo...')
#7 {main}
  thrown in /var/www/wp-content/themes/Divi/header.php on line 6

2019-10-01T13:33:48+00:00 CRITICAL Uncaught Error: Call to undefined function elegant_description() in /var/www/wp-content/themes/Divi/header.php:6
Stack trace:
#0 /var/www/wp-includes/template.php(722): require_once()
#1 /var/www/wp-includes/template.php(671): load_template('/var/www/wp-con...', true)
#2 /var/www/wp-includes/general-template.php(41): locate_template(Array, true)
#3 /var/www/wp-content/themes/Divi/single.php(3): get_header()
#4 /var/www/wp-includes/template-loader.php(78): include('/var/www/wp-con...')
#5 /var/www/wp-blog-header.php(19): require_once('/var/www/wp-inc...')
#6 /var/www/index.php(17): require('/var/www/wp-blo...')
#7 {main}
  thrown in /var/www/wp-content/themes/Divi/header.php on line 6

2019-10-01T13:33:49+00:00 CRITICAL Uncaught Error: Call to undefined function elegant_description() in /var/www/wp-content/themes/Divi/header.php:6
Stack trace:
#0 /var/www/wp-includes/template.php(722): require_once()
#1 /var/www/wp-includes/template.php(671): load_template('/var/www/wp-con...', true)
#2 /var/www/wp-includes/general-template.php(41): locate_template(Array, true)
#3 /var/www/wp-content/themes/Divi/single.php(3): get_header()
#4 /var/www/wp-includes/template-loader.php(78): include('/var/www/wp-con...')
#5 /var/www/wp-blog-header.php(19): require_once('/var/www/wp-inc...')
#6 /var/www/index.php(17): require('/var/www/wp-blo...')
#7 {main}
  thrown in /var/www/wp-content/themes/Divi/header.php on line 6

