2019-10-03T05:53:21+00:00 CRITICAL syntax error, unexpected 'endif' (T_ENDIF), expecting end of file in /var/www/wp-content/themes/Divi/footer.php on line 21

2019-10-03T05:53:28+00:00 CRITICAL syntax error, unexpected 'endif' (T_ENDIF), expecting end of file in /var/www/wp-content/themes/Divi/footer.php on line 21

2019-10-03T05:53:33+00:00 CRITICAL syntax error, unexpected 'endif' (T_ENDIF), expecting end of file in /var/www/wp-content/themes/Divi/footer.php on line 21

2019-10-03T05:53:34+00:00 CRITICAL syntax error, unexpected 'endif' (T_ENDIF), expecting end of file in /var/www/wp-content/themes/Divi/footer.php on line 21

2019-10-03T12:37:12+00:00 CRITICAL syntax error, unexpected ' ' (T_STRING) in /var/www/wp-content/themes/Divi/functions.php on line 7467

2019-10-03T12:37:13+00:00 CRITICAL syntax error, unexpected ' ' (T_STRING) in /var/www/wp-content/themes/Divi/functions.php on line 7467

2019-10-03T12:37:13+00:00 CRITICAL syntax error, unexpected ' ' (T_STRING) in /var/www/wp-content/themes/Divi/functions.php on line 7467

2019-10-03T12:37:16+00:00 CRITICAL syntax error, unexpected ' ' (T_STRING) in /var/www/wp-content/themes/Divi/functions.php on line 7467

2019-10-03T12:37:16+00:00 CRITICAL syntax error, unexpected ' ' (T_STRING) in /var/www/wp-content/themes/Divi/functions.php on line 7467

2019-10-03T12:37:17+00:00 CRITICAL syntax error, unexpected ' ' (T_STRING) in /var/www/wp-content/themes/Divi/functions.php on line 7467

2019-10-03T12:37:18+00:00 CRITICAL syntax error, unexpected ' ' (T_STRING) in /var/www/wp-content/themes/Divi/functions.php on line 7467

2019-10-03T12:37:19+00:00 CRITICAL syntax error, unexpected ' ' (T_STRING) in /var/www/wp-content/themes/Divi/functions.php on line 7467

2019-10-03T12:37:20+00:00 CRITICAL syntax error, unexpected ' ' (T_STRING) in /var/www/wp-content/themes/Divi/functions.php on line 7467

2019-10-03T12:37:20+00:00 CRITICAL syntax error, unexpected ' ' (T_STRING) in /var/www/wp-content/themes/Divi/functions.php on line 7467

2019-10-03T12:37:20+00:00 CRITICAL syntax error, unexpected ' ' (T_STRING) in /var/www/wp-content/themes/Divi/functions.php on line 7467

2019-10-03T12:37:20+00:00 CRITICAL syntax error, unexpected ' ' (T_STRING) in /var/www/wp-content/themes/Divi/functions.php on line 7467

2019-10-03T12:37:20+00:00 CRITICAL syntax error, unexpected ' ' (T_STRING) in /var/www/wp-content/themes/Divi/functions.php on line 7467

2019-10-03T12:37:20+00:00 CRITICAL syntax error, unexpected ' ' (T_STRING) in /var/www/wp-content/themes/Divi/functions.php on line 7467

2019-10-03T12:37:21+00:00 CRITICAL syntax error, unexpected ' ' (T_STRING) in /var/www/wp-content/themes/Divi/functions.php on line 7467

2019-10-03T12:37:22+00:00 CRITICAL syntax error, unexpected ' ' (T_STRING) in /var/www/wp-content/themes/Divi/functions.php on line 7467

2019-10-03T12:37:35+00:00 CRITICAL syntax error, unexpected ' ' (T_STRING) in /var/www/wp-content/themes/Divi/functions.php on line 7467

2019-10-03T12:37:35+00:00 CRITICAL syntax error, unexpected ' ' (T_STRING) in /var/www/wp-content/themes/Divi/functions.php on line 7467

2019-10-03T12:37:36+00:00 CRITICAL syntax error, unexpected ' ' (T_STRING) in /var/www/wp-content/themes/Divi/functions.php on line 7467

2019-10-03T12:37:37+00:00 CRITICAL syntax error, unexpected ' ' (T_STRING) in /var/www/wp-content/themes/Divi/functions.php on line 7467

2019-10-03T12:37:37+00:00 CRITICAL syntax error, unexpected ' ' (T_STRING) in /var/www/wp-content/themes/Divi/functions.php on line 7467

2019-10-03T12:37:38+00:00 CRITICAL syntax error, unexpected ' ' (T_STRING) in /var/www/wp-content/themes/Divi/functions.php on line 7467

2019-10-03T12:37:45+00:00 CRITICAL syntax error, unexpected ' ' (T_STRING) in /var/www/wp-content/themes/Divi/functions.php on line 7467

2019-10-03T12:37:45+00:00 CRITICAL syntax error, unexpected ' ' (T_STRING) in /var/www/wp-content/themes/Divi/functions.php on line 7467

2019-10-03T12:37:46+00:00 CRITICAL syntax error, unexpected ' ' (T_STRING) in /var/www/wp-content/themes/Divi/functions.php on line 7467

2019-10-03T12:37:48+00:00 CRITICAL syntax error, unexpected ' ' (T_STRING) in /var/www/wp-content/themes/Divi/functions.php on line 7467

2019-10-03T12:37:48+00:00 CRITICAL syntax error, unexpected ' ' (T_STRING) in /var/www/wp-content/themes/Divi/functions.php on line 7467

2019-10-03T12:37:52+00:00 CRITICAL syntax error, unexpected ' ' (T_STRING) in /var/www/wp-content/themes/Divi/functions.php on line 7467

2019-10-03T12:37:53+00:00 CRITICAL syntax error, unexpected ' ' (T_STRING) in /var/www/wp-content/themes/Divi/functions.php on line 7467

2019-10-03T12:37:55+00:00 CRITICAL syntax error, unexpected ' ' (T_STRING) in /var/www/wp-content/themes/Divi/functions.php on line 7467

2019-10-03T12:37:58+00:00 CRITICAL syntax error, unexpected ' ' (T_STRING) in /var/www/wp-content/themes/Divi/functions.php on line 7467

2019-10-03T12:38:06+00:00 CRITICAL syntax error, unexpected ' ' (T_STRING) in /var/www/wp-content/themes/Divi/functions.php on line 7467

2019-10-03T12:38:13+00:00 CRITICAL syntax error, unexpected ' ' (T_STRING) in /var/www/wp-content/themes/Divi/functions.php on line 7467

2019-10-03T12:38:15+00:00 CRITICAL syntax error, unexpected ' ' (T_STRING) in /var/www/wp-content/themes/Divi/functions.php on line 7467

2019-10-03T12:38:16+00:00 CRITICAL syntax error, unexpected ' ' (T_STRING) in /var/www/wp-content/themes/Divi/functions.php on line 7467

2019-10-03T12:38:17+00:00 CRITICAL syntax error, unexpected ' ' (T_STRING) in /var/www/wp-content/themes/Divi/functions.php on line 7467

2019-10-03T12:38:17+00:00 CRITICAL syntax error, unexpected ' ' (T_STRING) in /var/www/wp-content/themes/Divi/functions.php on line 7467

2019-10-03T12:38:17+00:00 CRITICAL syntax error, unexpected ' ' (T_STRING) in /var/www/wp-content/themes/Divi/functions.php on line 7467

2019-10-03T12:38:18+00:00 CRITICAL syntax error, unexpected ' ' (T_STRING) in /var/www/wp-content/themes/Divi/functions.php on line 7467

2019-10-03T12:38:18+00:00 CRITICAL syntax error, unexpected ' ' (T_STRING) in /var/www/wp-content/themes/Divi/functions.php on line 7467

2019-10-03T12:38:18+00:00 CRITICAL syntax error, unexpected ' ' (T_STRING) in /var/www/wp-content/themes/Divi/functions.php on line 7467

2019-10-03T12:38:18+00:00 CRITICAL syntax error, unexpected ' ' (T_STRING) in /var/www/wp-content/themes/Divi/functions.php on line 7467

2019-10-03T12:38:18+00:00 CRITICAL syntax error, unexpected ' ' (T_STRING) in /var/www/wp-content/themes/Divi/functions.php on line 7467

2019-10-03T12:38:42+00:00 CRITICAL syntax error, unexpected ' ' (T_STRING) in /var/www/wp-content/themes/Divi/functions.php on line 7467

2019-10-03T12:38:51+00:00 CRITICAL syntax error, unexpected ' ' (T_STRING) in /var/www/wp-content/themes/Divi/functions.php on line 7467

2019-10-03T12:39:27+00:00 CRITICAL syntax error, unexpected ' ' (T_STRING) in /var/www/wp-content/themes/Divi/functions.php on line 7468

2019-10-03T12:39:28+00:00 CRITICAL syntax error, unexpected ' ' (T_STRING) in /var/www/wp-content/themes/Divi/functions.php on line 7468

2019-10-03T12:39:30+00:00 CRITICAL syntax error, unexpected ' ' (T_STRING) in /var/www/wp-content/themes/Divi/functions.php on line 7468

2019-10-03T12:39:34+00:00 CRITICAL syntax error, unexpected ' ' (T_STRING) in /var/www/wp-content/themes/Divi/functions.php on line 7468

2019-10-03T12:39:44+00:00 CRITICAL syntax error, unexpected ' ' (T_STRING) in /var/www/wp-content/themes/Divi/functions.php on line 7468

2019-10-03T12:39:48+00:00 CRITICAL syntax error, unexpected ' ' (T_STRING) in /var/www/wp-content/themes/Divi/functions.php on line 7468

2019-10-03T12:39:53+00:00 CRITICAL syntax error, unexpected ' ' (T_STRING) in /var/www/wp-content/themes/Divi/functions.php on line 7468

2019-10-03T12:39:56+00:00 CRITICAL syntax error, unexpected ' ' (T_STRING) in /var/www/wp-content/themes/Divi/functions.php on line 7468

2019-10-03T12:40:04+00:00 CRITICAL syntax error, unexpected ' ' (T_STRING) in /var/www/wp-content/themes/Divi/functions.php on line 7468

2019-10-03T12:40:17+00:00 CRITICAL syntax error, unexpected ' ' (T_STRING) in /var/www/wp-content/themes/Divi/functions.php on line 7468

2019-10-03T12:40:20+00:00 CRITICAL syntax error, unexpected ' ' (T_STRING) in /var/www/wp-content/themes/Divi/functions.php on line 7468

2019-10-03T12:40:36+00:00 CRITICAL syntax error, unexpected ' ' (T_STRING) in /var/www/wp-content/themes/Divi/functions.php on line 7468

2019-10-03T12:40:40+00:00 CRITICAL syntax error, unexpected ' ' (T_STRING) in /var/www/wp-content/themes/Divi/functions.php on line 7468

2019-10-03T12:40:43+00:00 CRITICAL syntax error, unexpected ' ' (T_STRING) in /var/www/wp-content/themes/Divi/functions.php on line 7468

2019-10-03T12:40:43+00:00 CRITICAL syntax error, unexpected ' ' (T_STRING) in /var/www/wp-content/themes/Divi/functions.php on line 7468

2019-10-03T12:40:44+00:00 CRITICAL syntax error, unexpected ' ' (T_STRING) in /var/www/wp-content/themes/Divi/functions.php on line 7468

2019-10-03T12:40:45+00:00 CRITICAL syntax error, unexpected ' ' (T_STRING) in /var/www/wp-content/themes/Divi/functions.php on line 7468

2019-10-03T12:40:45+00:00 CRITICAL syntax error, unexpected ' ' (T_STRING) in /var/www/wp-content/themes/Divi/functions.php on line 7468

2019-10-03T12:40:46+00:00 CRITICAL syntax error, unexpected ' ' (T_STRING) in /var/www/wp-content/themes/Divi/functions.php on line 7468

2019-10-03T12:40:49+00:00 CRITICAL syntax error, unexpected ' ' (T_STRING) in /var/www/wp-content/themes/Divi/functions.php on line 7468

2019-10-03T12:40:50+00:00 CRITICAL syntax error, unexpected ' ' (T_STRING) in /var/www/wp-content/themes/Divi/functions.php on line 7468

2019-10-03T12:40:54+00:00 CRITICAL syntax error, unexpected ' ' (T_STRING) in /var/www/wp-content/themes/Divi/functions.php on line 7468

2019-10-03T12:40:55+00:00 CRITICAL syntax error, unexpected ' ' (T_STRING) in /var/www/wp-content/themes/Divi/functions.php on line 7468

2019-10-03T12:40:57+00:00 CRITICAL syntax error, unexpected ' ' (T_STRING) in /var/www/wp-content/themes/Divi/functions.php on line 7468

2019-10-03T12:40:58+00:00 CRITICAL syntax error, unexpected ' ' (T_STRING) in /var/www/wp-content/themes/Divi/functions.php on line 7468

2019-10-03T12:41:09+00:00 CRITICAL syntax error, unexpected ' ' (T_STRING) in /var/www/wp-content/themes/Divi/functions.php on line 7468

2019-10-03T12:41:14+00:00 CRITICAL syntax error, unexpected ' ' (T_STRING) in /var/www/wp-content/themes/Divi/functions.php on line 7468

2019-10-03T12:41:16+00:00 CRITICAL syntax error, unexpected ' ' (T_STRING) in /var/www/wp-content/themes/Divi/functions.php on line 7468

2019-10-03T12:41:17+00:00 CRITICAL syntax error, unexpected ' ' (T_STRING) in /var/www/wp-content/themes/Divi/functions.php on line 7468

2019-10-03T12:41:39+00:00 CRITICAL syntax error, unexpected ' ' (T_STRING) in /var/www/wp-content/themes/Divi/functions.php on line 7468

2019-10-03T12:41:43+00:00 CRITICAL syntax error, unexpected ' ' (T_STRING) in /var/www/wp-content/themes/Divi/functions.php on line 7468

2019-10-03T12:41:44+00:00 CRITICAL syntax error, unexpected ' ' (T_STRING) in /var/www/wp-content/themes/Divi/functions.php on line 7468

2019-10-03T12:41:45+00:00 CRITICAL syntax error, unexpected ' ' (T_STRING) in /var/www/wp-content/themes/Divi/functions.php on line 7468

2019-10-03T12:41:45+00:00 CRITICAL syntax error, unexpected ' ' (T_STRING) in /var/www/wp-content/themes/Divi/functions.php on line 7468

2019-10-03T12:41:45+00:00 CRITICAL syntax error, unexpected ' ' (T_STRING) in /var/www/wp-content/themes/Divi/functions.php on line 7468

2019-10-03T12:41:46+00:00 CRITICAL syntax error, unexpected ' ' (T_STRING) in /var/www/wp-content/themes/Divi/functions.php on line 7468

2019-10-03T12:41:46+00:00 CRITICAL syntax error, unexpected ' ' (T_STRING) in /var/www/wp-content/themes/Divi/functions.php on line 7468

2019-10-03T12:41:46+00:00 CRITICAL syntax error, unexpected ' ' (T_STRING) in /var/www/wp-content/themes/Divi/functions.php on line 7468

2019-10-03T12:41:46+00:00 CRITICAL syntax error, unexpected ' ' (T_STRING) in /var/www/wp-content/themes/Divi/functions.php on line 7468

2019-10-03T12:41:46+00:00 CRITICAL syntax error, unexpected ' ' (T_STRING) in /var/www/wp-content/themes/Divi/functions.php on line 7468

2019-10-03T12:41:47+00:00 CRITICAL syntax error, unexpected ' ' (T_STRING) in /var/www/wp-content/themes/Divi/functions.php on line 7468

2019-10-03T12:41:47+00:00 CRITICAL syntax error, unexpected ' ' (T_STRING) in /var/www/wp-content/themes/Divi/functions.php on line 7468

2019-10-03T12:41:47+00:00 CRITICAL syntax error, unexpected ' ' (T_STRING) in /var/www/wp-content/themes/Divi/functions.php on line 7468

2019-10-03T12:41:47+00:00 CRITICAL syntax error, unexpected ' ' (T_STRING) in /var/www/wp-content/themes/Divi/functions.php on line 7468

2019-10-03T12:41:47+00:00 CRITICAL syntax error, unexpected ' ' (T_STRING) in /var/www/wp-content/themes/Divi/functions.php on line 7468

2019-10-03T12:41:48+00:00 CRITICAL syntax error, unexpected ' ' (T_STRING) in /var/www/wp-content/themes/Divi/functions.php on line 7468

2019-10-03T12:41:48+00:00 CRITICAL syntax error, unexpected ' ' (T_STRING) in /var/www/wp-content/themes/Divi/functions.php on line 7468

2019-10-03T12:41:48+00:00 CRITICAL syntax error, unexpected ' ' (T_STRING) in /var/www/wp-content/themes/Divi/functions.php on line 7468

2019-10-03T12:41:50+00:00 CRITICAL syntax error, unexpected ' ' (T_STRING) in /var/www/wp-content/themes/Divi/functions.php on line 7468

2019-10-03T12:41:51+00:00 CRITICAL syntax error, unexpected ' ' (T_STRING) in /var/www/wp-content/themes/Divi/functions.php on line 7468

2019-10-03T12:41:53+00:00 CRITICAL syntax error, unexpected ' ' (T_STRING) in /var/www/wp-content/themes/Divi/functions.php on line 7468

2019-10-03T12:41:57+00:00 CRITICAL syntax error, unexpected ' ' (T_STRING) in /var/www/wp-content/themes/Divi/functions.php on line 7468

2019-10-03T12:47:18+00:00 CRITICAL Uncaught Error: Unsupported operand types in /var/www/wp-content/themes/Divi/functions.php:7167
Stack trace:
#0 /var/www/wp-includes/class-wp-hook.php(286): my_org_logos_upload_dir(Array)
#1 /var/www/wp-includes/plugin.php(208): WP_Hook->apply_filters(Array, Array)
#2 /var/www/wp-includes/functions.php(2095): apply_filters('upload_dir', Array)
#3 /var/www/wp-includes/functions.php(2356): wp_upload_dir(NULL)
#4 /var/www/wp-content/themes/Divi/functions.php(7478): wp_upload_bits('dummy.pdf', NULL, '%PDF-1.4\n%\xC3\xA4\xC3\xBC\xC3...')
#5 /var/www/wp-includes/class-wp-hook.php(288): save_custom_meta_data(4535)
#6 /var/www/wp-includes/class-wp-hook.php(310): WP_Hook->apply_filters(NULL, Array)
#7 /var/www/wp-includes/plugin.php(465): WP_Hook->do_action(Array)
#8 /var/www/wp-includes/post.php(3951): do_action('save_post', 4535, Object(WP_Post), true)
#9 /var/www/wp-includes/post.php(4028): wp_insert_post(Array, false)
#10 /var/www/wp-admin/includes/post.php(405): wp_update_post(Array)
#11 /var/www/wp-admin/post.ph in /var/www/wp-content/themes/Divi/functions.php on line 7167

2019-10-03T12:47:24+00:00 CRITICAL Uncaught Error: Unsupported operand types in /var/www/wp-content/themes/Divi/functions.php:7167
Stack trace:
#0 /var/www/wp-includes/class-wp-hook.php(286): my_org_logos_upload_dir(Array)
#1 /var/www/wp-includes/plugin.php(208): WP_Hook->apply_filters(Array, Array)
#2 /var/www/wp-includes/functions.php(2095): apply_filters('upload_dir', Array)
#3 /var/www/wp-includes/functions.php(2356): wp_upload_dir(NULL)
#4 /var/www/wp-content/themes/Divi/functions.php(7478): wp_upload_bits('dummy.pdf', NULL, '%PDF-1.4\n%\xC3\xA4\xC3\xBC\xC3...')
#5 /var/www/wp-includes/class-wp-hook.php(288): save_custom_meta_data(4535)
#6 /var/www/wp-includes/class-wp-hook.php(310): WP_Hook->apply_filters(NULL, Array)
#7 /var/www/wp-includes/plugin.php(465): WP_Hook->do_action(Array)
#8 /var/www/wp-includes/post.php(3951): do_action('save_post', 4535, Object(WP_Post), true)
#9 /var/www/wp-includes/post.php(4028): wp_insert_post(Array, false)
#10 /var/www/wp-admin/includes/post.php(405): wp_update_post(Array)
#11 /var/www/wp-admin/post.ph in /var/www/wp-content/themes/Divi/functions.php on line 7167

2019-10-03T12:48:35+00:00 CRITICAL Uncaught Error: Unsupported operand types in /var/www/wp-content/themes/Divi/functions.php:7167
Stack trace:
#0 /var/www/wp-includes/class-wp-hook.php(286): my_org_logos_upload_dir(Array)
#1 /var/www/wp-includes/plugin.php(208): WP_Hook->apply_filters(Array, Array)
#2 /var/www/wp-includes/functions.php(2095): apply_filters('upload_dir', Array)
#3 /var/www/wp-includes/functions.php(2356): wp_upload_dir(NULL)
#4 /var/www/wp-content/themes/Divi/functions.php(7478): wp_upload_bits('dummy.pdf', NULL, '%PDF-1.4\n%\xC3\xA4\xC3\xBC\xC3...')
#5 /var/www/wp-includes/class-wp-hook.php(288): save_custom_meta_data(4535)
#6 /var/www/wp-includes/class-wp-hook.php(310): WP_Hook->apply_filters(NULL, Array)
#7 /var/www/wp-includes/plugin.php(465): WP_Hook->do_action(Array)
#8 /var/www/wp-includes/post.php(3951): do_action('save_post', 4535, Object(WP_Post), true)
#9 /var/www/wp-includes/post.php(4028): wp_insert_post(Array, false)
#10 /var/www/wp-admin/includes/post.php(405): wp_update_post(Array)
#11 /var/www/wp-admin/post.ph in /var/www/wp-content/themes/Divi/functions.php on line 7167

2019-10-03T12:49:12+00:00 CRITICAL Uncaught Error: Unsupported operand types in /var/www/wp-content/themes/Divi/functions.php:7167
Stack trace:
#0 /var/www/wp-includes/class-wp-hook.php(286): my_org_logos_upload_dir(Array)
#1 /var/www/wp-includes/plugin.php(208): WP_Hook->apply_filters(Array, Array)
#2 /var/www/wp-includes/functions.php(2095): apply_filters('upload_dir', Array)
#3 /var/www/wp-includes/functions.php(2356): wp_upload_dir(NULL)
#4 /var/www/wp-content/themes/Divi/functions.php(7478): wp_upload_bits('dummy.pdf', NULL, '%PDF-1.4\n%\xC3\xA4\xC3\xBC\xC3...')
#5 /var/www/wp-includes/class-wp-hook.php(288): save_custom_meta_data(4535)
#6 /var/www/wp-includes/class-wp-hook.php(310): WP_Hook->apply_filters(NULL, Array)
#7 /var/www/wp-includes/plugin.php(465): WP_Hook->do_action(Array)
#8 /var/www/wp-includes/post.php(3951): do_action('save_post', 4535, Object(WP_Post), true)
#9 /var/www/wp-includes/post.php(4028): wp_insert_post(Array, false)
#10 /var/www/wp-admin/includes/post.php(405): wp_update_post(Array)
#11 /var/www/wp-admin/post.ph in /var/www/wp-content/themes/Divi/functions.php on line 7167

2019-10-03T15:22:46+00:00 CRITICAL syntax error, unexpected 'echo' (T_ECHO), expecting ',' or ';' in /var/www/wp-content/themes/Divi/woocommerce/global/breadcrumb.php on line 36

2019-10-03T15:22:51+00:00 CRITICAL syntax error, unexpected 'echo' (T_ECHO), expecting ',' or ';' in /var/www/wp-content/themes/Divi/woocommerce/global/breadcrumb.php on line 36

2019-10-03T15:25:18+00:00 CRITICAL syntax error, unexpected 'foreach' (T_FOREACH), expecting ',' or ';' in /var/www/wp-content/themes/Divi/woocommerce/global/breadcrumb.php on line 30

2019-10-03T15:25:21+00:00 CRITICAL syntax error, unexpected 'foreach' (T_FOREACH), expecting ',' or ';' in /var/www/wp-content/themes/Divi/woocommerce/global/breadcrumb.php on line 30

2019-10-03T15:47:02+00:00 CRITICAL syntax error, unexpected ']', expecting ',' or ')' in /var/www/wp-content/themes/Divi/woocommerce/global/breadcrumb.php on line 41

2019-10-03T15:47:02+00:00 CRITICAL syntax error, unexpected ']', expecting ',' or ')' in /var/www/wp-content/themes/Divi/woocommerce/global/breadcrumb.php on line 41

2019-10-03T15:47:18+00:00 CRITICAL syntax error, unexpected ']', expecting ',' or ')' in /var/www/wp-content/themes/Divi/woocommerce/global/breadcrumb.php on line 41

2019-10-03T15:47:26+00:00 CRITICAL syntax error, unexpected ']', expecting ',' or ')' in /var/www/wp-content/themes/Divi/woocommerce/global/breadcrumb.php on line 41

2019-10-03T15:47:45+00:00 CRITICAL syntax error, unexpected ']', expecting ',' or ')' in /var/www/wp-content/themes/Divi/woocommerce/global/breadcrumb.php on line 41

